<?xml version="1.0" encoding="UTF-8"?>
<!-- Generated by org.testng.reporters.JUnitXMLReporter -->
<testsuite ignored="2" hostname="DESKTOP-8SKARJ9" failures="0" tests="1" name="Default test" time="3.485" errors="0" timestamp="2022-02-13T21:29:00 IST">
  <testcase classname="RestAssuredSpotify.Spotify.SpotifyApi" name="testPost_When_CreatePlaylist_ShouldReturnStatusCode201" time="3.348"/>
  <testcase classname="RestAssuredSpotify.Spotify.SpotifyApi" name="testGet_CurrentUserProfileId_ShouldReturnStatusCode200" time="0.0">
    <ignored/>
  </testcase> <!-- testGet_CurrentUserProfileId_ShouldReturnStatusCode200 -->
  <testcase classname="RestAssuredSpotify.Spotify.SpotifyApi" name="testGet_CurrentUserProfile_ShouldReturn_StatusCode200" time="0.0">
    <ignored/>
  </testcase> <!-- testGet_CurrentUserProfile_ShouldReturn_StatusCode200 -->
</testsuite> <!-- Default test -->
