<?xml version="1.0" encoding="UTF-8"?>
<testng-results ignored="2" total="3" passed="1" failed="0" skipped="0">
  <reporter-output>
  </reporter-output>
  <suite started-at="2022-02-13T21:28:57 IST" name="Default suite" finished-at="2022-02-13T21:29:00 IST" duration-ms="3485">
    <groups>
    </groups>
    <test started-at="2022-02-13T21:28:57 IST" name="Default test" finished-at="2022-02-13T21:29:00 IST" duration-ms="3485">
      <class name="RestAssuredSpotify.Spotify.SpotifyApi">
        <test-method signature="testPost_When_CreatePlaylist_ShouldReturnStatusCode201()[pri:0, instance:RestAssuredSpotify.Spotify.SpotifyApi@747edf66]" started-at="2022-02-13T21:28:57 IST" name="testPost_When_CreatePlaylist_ShouldReturnStatusCode201" finished-at="2022-02-13T21:29:00 IST" duration-ms="3348" status="PASS">
          <reporter-output>
          </reporter-output>
        </test-method> <!-- testPost_When_CreatePlaylist_ShouldReturnStatusCode201 -->
      </class> <!-- RestAssuredSpotify.Spotify.SpotifyApi -->
    </test> <!-- Default test -->
  </suite> <!-- Default suite -->
</testng-results>
